C51 COMPILER V9.01   DELAY                                                                 06/19/2022 14:59:46 PAGE 1   


C51 COMPILER V9.01, COMPILATION OF MODULE DELAY
OBJECT MODULE PLACED IN delay.obj
COMPILER INVOKED BY: C:\Phanmem\KeilC4\C51\BIN\C51.EXE delay\delay.c BROWSE DEBUG OBJECTEXTEND PRINT(.\delay.lst) OBJECT
                    -(delay.obj)

line level    source

   1          #include "delay.h"
   2          
   3          
   4          /*Function: delay_ms
   5           *input: Time need delay
   6           *return: No
   7          */
   8          void delay_ms(unsigned int time)
   9          {
  10   1              unsigned int i,j;
  11   1              for(i=0;i<time;i++)
  12   1                      for(j=0;j<125;j++);
  13   1      }
  14          
  15          void delay_us(unsigned int Time)
  16          {
  17   1              unsigned int i,j;
  18   1              for(i=0;i<Time;i++)
  19   1              {
  20   2                      for(j=0;j<2;j++);
  21   2              }
  22   1      } 


MODULE INFORMATION:   STATIC OVERLAYABLE
   CODE SIZE        =     64    ----
   CONSTANT SIZE    =   ----    ----
   XDATA SIZE       =   ----    ----
   PDATA SIZE       =   ----    ----
   DATA SIZE        =   ----    ----
   IDATA SIZE       =   ----    ----
   BIT SIZE         =   ----    ----
END OF MODULE INFORMATION.


C51 COMPILATION COMPLETE.  0 WARNING(S),  0 ERROR(S)
