C51 COMPILER V9.01   MAIN                                                                  07/20/2022 19:01:25 PAGE 1   


C51 COMPILER V9.01, COMPILATION OF MODULE MAIN
OBJECT MODULE PLACED IN main.OBJ
COMPILER INVOKED BY: C:\Phanmem\KeilC4\C51\BIN\C51.EXE main.C BROWSE DEBUG OBJECTEXTEND

line level    source

   1          #include <AT89X52.H>
   2          #include "delay/delay.h"
   3          
   4          
   5          #define LED2                            P2_1
   6          #define LED3                            P2_2
   7          #define LED4                            P2_3
   8          
   9          #define LED_PORT                        P0
  10          
  11          #define ADC0804_PORT            P1
  12          #define ADC0804_WR                      P2_6
  13          #define ADC0804_RD                      P2_5
  14          #define ADC0804_INTR            P2_7
  15          
  16          #define BUZZER              P2_4
  17          #define BUTTON              P2_0
  18          
  19          unsigned char led7_data[10] = {0xC0,0xF9,0xA4,0xB0,0x99,0x92,0x82,0xF8,0x80,0x90 }; //Decimal to Led7seg
  20          unsigned char dv,chuc,tram,nghin;
  21          unsigned char adc_value;
  22          unsigned char huy = 0;                                              //Bien luu tru nhiet do giam xuong nguong bao dong
  23          unsigned int count = 40;
  24          unsigned int i=0;                                                               // Bien dem Timer
  25          
  26          /*Ham doc du lieu tu adc0804*/
  27          unsigned char read_adc0804(void);
  28          /* Chuong trinh phuc vu ngat ngoai */
  29          void ISR_EX1(void) interrupt 2
  30          {
  31   1         count++;
  32   1         tram  = (count/100);
  33   1         chuc  = (count%100)/10;
  34   1         dv    =       count%10;      
  35   1         LED2 = 1;
  36   1         LED_PORT = led7_data[tram];
  37   1         delay_us(250);
  38   1         LED2 = 0; 
  39   1         LED3 = 1;
  40   1         LED_PORT = led7_data[chuc];
  41   1         delay_us(250);
  42   1         LED3 = 0; 
  43   1         LED4 = 1;
  44   1         LED_PORT = led7_data[dv];
  45   1         delay_us(250);
  46   1         LED4 = 0; 
  47   1         delay_ms(100);
  48   1         if(count==150) {count=1;}                                    // Moi khi dua nguong canh bao den 150 do thi tu Reset ve nguong 1 do
  49   1      }         
  50          void ISR_Timer(void) interrupt 3
  51          {
  52   1        i++;
  53   1        if (i==140)
  54   1           {
  55   2                adc_value = read_adc0804();
C51 COMPILER V9.01   MAIN                                                                  07/20/2022 19:01:25 PAGE 2   

  56   2                tram  = (adc_value/100);
  57   2            chuc  = (adc_value%100)/10;
  58   2                dv    =        adc_value%10;
  59   2                i=0;
  60   2               }
  61   1        // Nap lai gia tri cho bo dem
  62   1        TF1=0;
  63   1        TR1=0;
  64   1        TMOD = 0x10;   
  65   1        TH1=TL1=0x00;   
  66   1        TR1=1;          
  67   1      }       
  68          //------------------------------------------------
  69          void main()
  70          {
  71   1              BUZZER =0;
  72   1              // Cau hinh su dung ngat
  73   1              EX1 = 1;     // Cho phep ngat ngoai tai INT1
  74   1              EA = 1;     // Cho phep ngat toan cuc
  75   1              IT1 = 1;    // Che do ngat kich phat suon xuong
  76   1              // Cau hinh su dung Timer
  77   1              TMOD = 0x10;   // Che do Timer 1 16 bit  (Mode1)
  78   1              TH1=TL1=0x00;   // Nap gia tri bat dau 16 bit
  79   1              TR1=1;          // Khoi dong Timer 1
  80   1              ET1=1;         // Chon ngat Timer 1
  81   1          EA=1;          // Cho phep ngat
  82   1              // Doc gia tri nhiet do luc vua khoi dong
  83   1              adc_value = read_adc0804();
  84   1              tram  = (adc_value/100);
  85   1              chuc  = (adc_value%100)/10;
  86   1              dv    =  adc_value%10;                                                           
  87   1      while(1)
  88   1              {
  89   2              // Hien thi Led
  90   2              if(adc_value>=count)
  91   2                         {
  92   3                          BUZZER =1;
  93   3                              LED2 = 1;
  94   3                              LED_PORT = led7_data[tram];
  95   3                              delay_us(250);
  96   3                              LED2 = 0; 
  97   3                              LED3 = 1;
  98   3                              LED_PORT = led7_data[chuc];
  99   3                              delay_us(250);
 100   3                              LED3 = 0; 
 101   3                              LED4 = 1;
 102   3                              LED_PORT = led7_data[dv];
 103   3                              delay_us(250);
 104   3                              LED4 = 0; 
 105   3                              delay_ms(100);
 106   3                              huy =1;
 107   3                         }
 108   2              if(adc_value<count && huy==0)
 109   2                          {
 110   3                              BUZZER = 0;
 111   3                              LED2 = 1;
 112   3                              LED_PORT = led7_data[tram];
 113   3                              delay_us(250);
 114   3                              LED2 = 0; 
 115   3                              LED3 = 1;
 116   3                              LED_PORT = led7_data[chuc];
 117   3                              delay_us(250);
C51 COMPILER V9.01   MAIN                                                                  07/20/2022 19:01:25 PAGE 3   

 118   3                              LED3 = 0; 
 119   3                              LED4 = 1;
 120   3                              LED_PORT = led7_data[dv];
 121   3                              delay_us(250);
 122   3                              LED4 = 0; 
 123   3                              }
 124   2               if(adc_value<count && huy==1 && BUTTON==1)
 125   2                          {
 126   3                              BUZZER = 1;
 127   3                              LED2 = 1;
 128   3                              LED_PORT = led7_data[tram];
 129   3                              delay_us(250);
 130   3                              LED2 = 0; 
 131   3                              LED3 = 1;
 132   3                              LED_PORT = led7_data[chuc];
 133   3                              delay_us(250);
 134   3                              LED3 = 0; 
 135   3                              LED4 = 1;
 136   3                              LED_PORT = led7_data[dv];
 137   3                              delay_us(250);
 138   3                              LED4 = 0; 
 139   3                              delay_ms(100);
 140   3                              } 
 141   2          if(adc_value<count && huy==1 && BUTTON==0)
 142   2                      {
 143   3                              BUZZER = 0;
 144   3                              LED2 = 1;
 145   3                              LED_PORT = led7_data[tram];
 146   3                              delay_us(250);
 147   3                              LED2 = 0; 
 148   3                              LED3 = 1;
 149   3                              LED_PORT = led7_data[chuc];
 150   3                              delay_us(250);
 151   3                              LED3 = 0; 
 152   3                              LED4 = 1;
 153   3                              LED_PORT = led7_data[dv];
 154   3                              delay_us(250);
 155   3                              LED4 = 0; 
 156   3                              huy = 0;
 157   3                              }                           
 158   2          }             
 159   1      }
 160          
 161          
 162          
 163          unsigned char read_adc0804(void)
 164          {
 165   1              unsigned char temp_value;
 166   1              // INTR,RD ban dau =1, WR ban dau =0
 167   1              ADC0804_WR = 0;
 168   1              ADC0804_WR = 1;
 169   1              while(ADC0804_INTR);
 170   1              ADC0804_RD = 0;
 171   1              delay_us(250);
 172   1              temp_value = ADC0804_PORT;
 173   1              ADC0804_RD = 1;
 174   1              ADC0804_INTR = 1;       
 175   1              
 176   1              return temp_value;
 177   1      }


C51 COMPILER V9.01   MAIN                                                                  07/20/2022 19:01:25 PAGE 4   

MODULE INFORMATION:   STATIC OVERLAYABLE
   CODE SIZE        =    730    ----
   CONSTANT SIZE    =   ----    ----
   XDATA SIZE       =   ----    ----
   PDATA SIZE       =   ----    ----
   DATA SIZE        =     20    ----
   IDATA SIZE       =   ----    ----
   BIT SIZE         =   ----    ----
END OF MODULE INFORMATION.


C51 COMPILATION COMPLETE.  0 WARNING(S),  0 ERROR(S)
